#
# There is insufficient memory for the Java Runtime Environment to continue.
# Native memory allocation (malloc) failed to allocate 594544 bytes. Error detail: Chunk::new
# Possible reasons:
#   The system is out of physical RAM or swap space
#   This process is running with CompressedOops enabled, and the Java Heap may be blocking the growth of the native heap
# Possible solutions:
#   Reduce memory load on the system
#   Increase physical memory or swap space
#   Check if swap backing store is full
#   Decrease Java heap size (-Xmx/-Xms)
#   Decrease number of Java threads
#   Decrease Java thread stack sizes (-Xss)
#   Set larger code cache with -XX:ReservedCodeCacheSize=
#   JVM is running with Unscaled Compressed Oops mode in which the Java heap is
#     placed in the first 4GB address space. The Java Heap base address is the
#     maximum limit for the native heap growth. Please use -XX:HeapBaseMinAddress
#     to set the Java Heap base and to place the Java Heap above 4GB virtual address.
# This output file may be truncated or incomplete.
#
#  Out of Memory Error (arena.cpp:150), pid=29380, tid=11596
#
# JRE version: Java(TM) SE Runtime Environment (22.0.1+8) (build 22.0.1+8-16)
# Java VM: Java HotSpot(TM) 64-Bit Server VM (22.0.1+8-16, mixed mode, sharing, tiered, compressed oops, compressed class ptrs, g1 gc, windows-amd64)
# No core dump will be written. Minidumps are not enabled by default on client versions of Windows
#

---------------  S U M M A R Y ------------

Command Line: -Dfile.encoding=UTF-8 --module-path=D:\netbeans\DACS\DACS\build\classes VIEW.Main

Host: AMD Ryzen 5 5500U with Radeon Graphics         , 12 cores, 7G,  Windows 11 , 64 bit Build 22621 (10.0.22621.3374)
Time: Fri May 31 01:53:11 2024 SE Asia Standard Time elapsed time: 2696.531042 seconds (0d 0h 44m 56s)

---------------  T H R E A D  ---------------

Current thread (0x000001e3f7609550):  JavaThread "C2 CompilerThread0" daemon [_thread_in_native, id=11596, stack(0x00000014a6900000,0x00000014a6a00000) (1024K)]


Current CompileTask:
C2:2696531 3855       4       javax.swing.GroupLayout::layoutContainer (165 bytes)

Stack: [0x00000014a6900000,0x00000014a6a00000]
Native frames: (J=compiled Java code, j=interpreted, Vv=VM code, C=native code)
V  [jvm.dll+0x6e2279]  (no source info available)
V  [jvm.dll+0x874e33]  (no source info available)
V  [jvm.dll+0x87725e]  (no source info available)
V  [jvm.dll+0x877933]  (no source info available)
V  [jvm.dll+0x27fd76]  (no source info available)
V  [jvm.dll+0xc3d0f]  (no source info available)
V  [jvm.dll+0xc3f6b]  (no source info available)
V  [jvm.dll+0x3bb10c]  (no source info available)
V  [jvm.dll+0x387b6b]  (no source info available)
V  [jvm.dll+0x386fda]  (no source info available)
V  [jvm.dll+0x247918]  (no source info available)
V  [jvm.dll+0x246fbf]  (no source info available)
V  [jvm.dll+0x1c4e90]  (no source info available)
V  [jvm.dll+0x2569fe]  (no source info available)
V  [jvm.dll+0x254cba]  (no source info available)
V  [jvm.dll+0x3f5336]  (no source info available)
V  [jvm.dll+0x81d44b]  (no source info available)
V  [jvm.dll+0x6e0915]  (no source info available)
C  [ucrtbase.dll+0x29333]  (no source info available)
C  [KERNEL32.DLL+0x1257d]  (no source info available)
C  [ntdll.dll+0x5aa48]  (no source info available)


---------------  P R O C E S S  ---------------

Threads class SMR info:
_java_thread_list=0x000001e3da3c6dd0, length=18, elements={
0x000001e3f75fc430, 0x000001e3f75fcd60, 0x000001e3f7600130, 0x000001e3f7601040,
0x000001e3f7609ff0, 0x000001e3f7607e70, 0x000001e3f7609550, 0x000001e3f7617010,
0x000001e3d41d19b0, 0x000001e3d431f220, 0x000001e3d4460060, 0x000001e3d4462310,
0x000001e3d4462c40, 0x000001e3d453e5b0, 0x000001e3e7b2e5b0, 0x000001e3d5765d10,
0x000001e3da4d2800, 0x000001e3db000670
}

Java Threads: ( => current thread )
  0x000001e3f75fc430 JavaThread "Reference Handler"          daemon [_thread_blocked, id=18828, stack(0x00000014a6300000,0x00000014a6400000) (1024K)]
  0x000001e3f75fcd60 JavaThread "Finalizer"                  daemon [_thread_blocked, id=8124, stack(0x00000014a6400000,0x00000014a6500000) (1024K)]
  0x000001e3f7600130 JavaThread "Signal Dispatcher"          daemon [_thread_blocked, id=4540, stack(0x00000014a6500000,0x00000014a6600000) (1024K)]
  0x000001e3f7601040 JavaThread "Attach Listener"            daemon [_thread_blocked, id=24212, stack(0x00000014a6600000,0x00000014a6700000) (1024K)]
  0x000001e3f7609ff0 JavaThread "Service Thread"             daemon [_thread_blocked, id=21988, stack(0x00000014a6700000,0x00000014a6800000) (1024K)]
  0x000001e3f7607e70 JavaThread "Monitor Deflation Thread"   daemon [_thread_blocked, id=27616, stack(0x00000014a6800000,0x00000014a6900000) (1024K)]
=>0x000001e3f7609550 JavaThread "C2 CompilerThread0"         daemon [_thread_in_native, id=11596, stack(0x00000014a6900000,0x00000014a6a00000) (1024K)]
  0x000001e3f7617010 JavaThread "C1 CompilerThread0"         daemon [_thread_blocked, id=8980, stack(0x00000014a6a00000,0x00000014a6b00000) (1024K)]
  0x000001e3d41d19b0 JavaThread "Common-Cleaner"             daemon [_thread_blocked, id=28276, stack(0x00000014a6b00000,0x00000014a6c00000) (1024K)]
  0x000001e3d431f220 JavaThread "Notification Thread"        daemon [_thread_blocked, id=26492, stack(0x00000014a6d00000,0x00000014a6e00000) (1024K)]
  0x000001e3d4460060 JavaThread "Java2D Disposer"            daemon [_thread_blocked, id=25452, stack(0x00000014a6e00000,0x00000014a6f00000) (1024K)]
  0x000001e3d4462310 JavaThread "AWT-Shutdown"                      [_thread_blocked, id=20260, stack(0x00000014a6f00000,0x00000014a7000000) (1024K)]
  0x000001e3d4462c40 JavaThread "AWT-Windows"                daemon [_thread_in_native, id=9100, stack(0x00000014a7000000,0x00000014a7100000) (1024K)]
  0x000001e3d453e5b0 JavaThread "AWT-EventQueue-0"                  [_thread_blocked, id=26232, stack(0x00000014a7100000,0x00000014a7200000) (1024K)]
  0x000001e3e7b2e5b0 JavaThread "DestroyJavaVM"                     [_thread_blocked, id=23284, stack(0x00000014a5b00000,0x00000014a5c00000) (1024K)]
  0x000001e3d5765d10 JavaThread "mysql-cj-abandoned-connection-cleanup" daemon [_thread_blocked, id=2196, stack(0x00000014a7c00000,0x00000014a7d00000) (1024K)]
  0x000001e3da4d2800 JavaThread "TimerQueue"                 daemon [_thread_blocked, id=17348, stack(0x00000014a8800000,0x00000014a8900000) (1024K)]
  0x000001e3db000670 JavaThread "D3D Screen Updater"         daemon [_thread_blocked, id=14812, stack(0x00000014a8900000,0x00000014a8a00000) (1024K)]
Total: 18

Other Threads:
  0x000001e3f75dec80 VMThread "VM Thread"                           [id=17512, stack(0x00000014a6200000,0x00000014a6300000) (1024K)]
  0x000001e3f75c7720 WatcherThread "VM Periodic Task Thread"        [id=19512, stack(0x00000014a6100000,0x00000014a6200000) (1024K)]
  0x000001e3e9ca3b40 WorkerThread "GC Thread#0"                     [id=6468, stack(0x00000014a5c00000,0x00000014a5d00000) (1024K)]
  0x000001e3da4623f0 WorkerThread "GC Thread#1"                     [id=2560, stack(0x00000014a7e00000,0x00000014a7f00000) (1024K)]
  0x000001e3d5841e60 WorkerThread "GC Thread#2"                     [id=18472, stack(0x00000014a7f00000,0x00000014a8000000) (1024K)]
  0x000001e3da3dbfd0 WorkerThread "GC Thread#3"                     [id=30252, stack(0x00000014a8000000,0x00000014a8100000) (1024K)]
  0x000001e3da3dc380 WorkerThread "GC Thread#4"                     [id=14936, stack(0x00000014a8100000,0x00000014a8200000) (1024K)]
  0x000001e3d5842210 WorkerThread "GC Thread#5"                     [id=14344, stack(0x00000014a8200000,0x00000014a8300000) (1024K)]
  0x000001e3da393a20 WorkerThread "GC Thread#6"                     [id=19008, stack(0x00000014a8300000,0x00000014a8400000) (1024K)]
  0x000001e3da3951f0 WorkerThread "GC Thread#7"                     [id=25128, stack(0x00000014a8400000,0x00000014a8500000) (1024K)]
  0x000001e3da3955a0 WorkerThread "GC Thread#8"                     [id=4260, stack(0x00000014a8500000,0x00000014a8600000) (1024K)]
  0x000001e3da399960 WorkerThread "GC Thread#9"                     [id=4176, stack(0x00000014a8600000,0x00000014a8700000) (1024K)]
  0x000001e3e9cb4540 ConcurrentGCThread "G1 Main Marker"            [id=16328, stack(0x00000014a5d00000,0x00000014a5e00000) (1024K)]
  0x000001e3e9cb6980 WorkerThread "G1 Conc#0"                       [id=3028, stack(0x00000014a5e00000,0x00000014a5f00000) (1024K)]
  0x000001e3d584daa0 WorkerThread "G1 Conc#1"                       [id=16300, stack(0x00000014a8700000,0x00000014a8800000) (1024K)]
  0x000001e3da877940 WorkerThread "G1 Conc#2"                       [id=23340, stack(0x00000014a8a00000,0x00000014a8b00000) (1024K)]
  0x000001e3e9d0ea70 ConcurrentGCThread "G1 Refine#0"               [id=12812, stack(0x00000014a5f00000,0x00000014a6000000) (1024K)]
  0x000001e3f749c2b0 ConcurrentGCThread "G1 Service"                [id=19892, stack(0x00000014a6000000,0x00000014a6100000) (1024K)]
Total: 18

Threads with active compile tasks:
C2 CompilerThread0  2696629 3855       4       javax.swing.GroupLayout::layoutContainer (165 bytes)
Total: 1

VM state: not at safepoint (normal execution)

VM Mutex/Monitor currently owned by a thread: None

Heap address: 0x000000008a800000, size: 1880 MB, Compressed Oops mode: 32-bit

CDS archive(s) mapped at: [0x000001e38f000000-0x000001e38fc60000-0x000001e38fc60000), size 12976128, SharedBaseAddress: 0x000001e38f000000, ArchiveRelocationMode: 1.
Compressed class space mapped at: 0x000001e390000000-0x000001e3d0000000, reserved size: 1073741824
Narrow klass base: 0x000001e38f000000, Narrow klass shift: 0, Narrow klass range: 0x41000000

GC Precious Log:
 CardTable entry size: 512
 Card Set container configuration: InlinePtr #cards 5 size 8 Array Of Cards #cards 12 size 40 Howl #buckets 4 coarsen threshold 1843 Howl Bitmap #cards 512 size 80 coarsen threshold 460 Card regions per heap region 1 cards per card region 2048
 CPUs: 12 total, 12 available
 Memory: 7514M
 Large Page Support: Disabled
 NUMA Support: Disabled
 Compressed Oops: Enabled (32-bit)
 Heap Region Size: 1M
 Heap Min Capacity: 8M
 Heap Initial Capacity: 118M
 Heap Max Capacity: 1880M
 Pre-touch: Disabled
 Parallel Workers: 10
 Concurrent Workers: 3
 Concurrent Refinement Workers: 10
 Periodic GC: Disabled

Heap:
 garbage-first heap   total reserved 1925120K, committed 30720K, used 20674K [0x000000008a800000, 0x0000000100000000)
  region size 1024K, 13 young (13312K), 1 survivors (1024K)
 Metaspace       used 23158K, committed 23424K, reserved 1114112K
  class space    used 2670K, committed 2816K, reserved 1048576K

Heap Regions: E=young(eden), S=young(survivor), O=old, HS=humongous(starts), HC=humongous(continues), CS=collection set, F=free, TAMS=top-at-mark-start, PB=parsable bottom
|   0|0x000000008a800000, 0x000000008a900000, 0x000000008a900000|100%| O|  |TAMS 0x000000008a800000| PB 0x000000008a800000| Untracked |  0
|   1|0x000000008a900000, 0x000000008aa00000, 0x000000008aa00000|100%| O|  |TAMS 0x000000008a900000| PB 0x000000008a900000| Untracked |  0
|   2|0x000000008aa00000, 0x000000008ab00000, 0x000000008ab00000|100%| O|  |TAMS 0x000000008aa00000| PB 0x000000008aa00000| Untracked |  0
|   3|0x000000008ab00000, 0x000000008ac00000, 0x000000008ac00000|100%| O|  |TAMS 0x000000008ab00000| PB 0x000000008ab00000| Untracked |  0
|   4|0x000000008ac00000, 0x000000008ad00000, 0x000000008ad00000|100%| O|  |TAMS 0x000000008ac00000| PB 0x000000008ac00000| Untracked |  0
|   5|0x000000008ad00000, 0x000000008ae00000, 0x000000008ae00000|100%| O|  |TAMS 0x000000008ad00000| PB 0x000000008ad00000| Untracked |  0
|   6|0x000000008ae00000, 0x000000008ae87ae0, 0x000000008af00000| 52%| O|Cm|TAMS 0x000000008ae00000| PB 0x000000008ae00000| Complete |  0
|   7|0x000000008af00000, 0x000000008b000000, 0x000000008b000000|100%| O|  |TAMS 0x000000008af00000| PB 0x000000008af00000| Untracked |  0
|   8|0x000000008b000000, 0x000000008b0d8660, 0x000000008b100000| 84%| O|  |TAMS 0x000000008b000000| PB 0x000000008b000000| Untracked |  0
|   9|0x000000008b100000, 0x000000008b100000, 0x000000008b200000|  0%| F|  |TAMS 0x000000008b100000| PB 0x000000008b100000| Untracked |  0
|  10|0x000000008b200000, 0x000000008b200000, 0x000000008b300000|  0%| F|  |TAMS 0x000000008b200000| PB 0x000000008b200000| Untracked |  0
|  11|0x000000008b300000, 0x000000008b3d0820, 0x000000008b400000| 81%| S|CS|TAMS 0x000000008b300000| PB 0x000000008b300000| Complete |  0
|  12|0x000000008b400000, 0x000000008b400000, 0x000000008b500000|  0%| F|  |TAMS 0x000000008b400000| PB 0x000000008b400000| Untracked |  0
|  13|0x000000008b500000, 0x000000008b500000, 0x000000008b600000|  0%| F|  |TAMS 0x000000008b500000| PB 0x000000008b500000| Untracked |  0
|  14|0x000000008b600000, 0x000000008b600000, 0x000000008b700000|  0%| F|  |TAMS 0x000000008b600000| PB 0x000000008b600000| Untracked |  0
|  15|0x000000008b700000, 0x000000008b700000, 0x000000008b800000|  0%| F|  |TAMS 0x000000008b700000| PB 0x000000008b700000| Untracked |  0
|  16|0x000000008b800000, 0x000000008b800000, 0x000000008b900000|  0%| F|  |TAMS 0x000000008b800000| PB 0x000000008b800000| Untracked |  0
|  17|0x000000008b900000, 0x000000008b900000, 0x000000008ba00000|  0%| F|  |TAMS 0x000000008b900000| PB 0x000000008b900000| Untracked |  0
|  18|0x000000008ba00000, 0x000000008baf1088, 0x000000008bb00000| 94%| E|  |TAMS 0x000000008ba00000| PB 0x000000008ba00000| Complete |  0
|  19|0x000000008bb00000, 0x000000008bc00000, 0x000000008bc00000|100%| E|CS|TAMS 0x000000008bb00000| PB 0x000000008bb00000| Complete |  0
|  20|0x000000008bc00000, 0x000000008bd00000, 0x000000008bd00000|100%| E|CS|TAMS 0x000000008bc00000| PB 0x000000008bc00000| Complete |  0
|  21|0x000000008bd00000, 0x000000008be00000, 0x000000008be00000|100%| E|CS|TAMS 0x000000008bd00000| PB 0x000000008bd00000| Complete |  0
|  22|0x000000008be00000, 0x000000008bf00000, 0x000000008bf00000|100%| E|CS|TAMS 0x000000008be00000| PB 0x000000008be00000| Complete |  0
|  23|0x000000008bf00000, 0x000000008c000000, 0x000000008c000000|100%| E|CS|TAMS 0x000000008bf00000| PB 0x000000008bf00000| Complete |  0
|  24|0x000000008c000000, 0x000000008c100000, 0x000000008c100000|100%| E|CS|TAMS 0x000000008c000000| PB 0x000000008c000000| Complete |  0
|  25|0x000000008c100000, 0x000000008c200000, 0x000000008c200000|100%| E|CS|TAMS 0x000000008c100000| PB 0x000000008c100000| Complete |  0
| 106|0x0000000091200000, 0x0000000091300000, 0x0000000091300000|100%| E|CS|TAMS 0x0000000091200000| PB 0x0000000091200000| Complete |  0
| 107|0x0000000091300000, 0x0000000091400000, 0x0000000091400000|100%| E|CS|TAMS 0x0000000091300000| PB 0x0000000091300000| Complete |  0
| 116|0x0000000091c00000, 0x0000000091d00000, 0x0000000091d00000|100%| E|CS|TAMS 0x0000000091c00000| PB 0x0000000091c00000| Complete |  0
| 117|0x0000000091d00000, 0x0000000091e00000, 0x0000000091e00000|100%| E|CS|TAMS 0x0000000091d00000| PB 0x0000000091d00000| Complete |  0

Card table byte_map: [0x000001e3f2890000,0x000001e3f2c40000] _byte_map_base: 0x000001e3f243c000

Marking Bits: (CMBitMap*) 0x000001e3e9ca4150
 Bits: [0x000001e3f2c40000, 0x000001e3f49a0000)

Polling page: 0x000001e3e7ad0000

Metaspace:

Usage:
  Non-class:     20.01 MB used.
      Class:      2.61 MB used.
       Both:     22.62 MB used.

Virtual space:
  Non-class space:       64.00 MB reserved,      20.12 MB ( 31%) committed,  1 nodes.
      Class space:        1.00 GB reserved,       2.75 MB ( <1%) committed,  1 nodes.
             Both:        1.06 GB reserved,      22.88 MB (  2%) committed. 

Chunk freelists:
   Non-Class:  11.00 MB
       Class:  13.23 MB
        Both:  24.23 MB

MaxMetaspaceSize: unlimited
CompressedClassSpaceSize: 1.00 GB
Initial GC threshold: 21.00 MB
Current GC threshold: 35.12 MB
CDS: on
 - commit_granule_bytes: 65536.
 - commit_granule_words: 8192.
 - virtual_space_node_default_size: 8388608.
 - enlarge_chunks_in_place: 1.
 - use_allocation_guard: 0.


Internal statistics:

num_allocs_failed_limit: 3.
num_arena_births: 218.
num_arena_deaths: 0.
num_vsnodes_births: 2.
num_vsnodes_deaths: 0.
num_space_committed: 366.
num_space_uncommitted: 0.
num_chunks_returned_to_freelist: 3.
num_chunks_taken_from_freelist: 434.
num_chunk_merges: 0.
num_chunk_splits: 264.
num_chunks_enlarged: 155.
num_inconsistent_stats: 0.

CodeHeap 'non-profiled nmethods': size=120000Kb used=2106Kb max_used=2106Kb free=117893Kb
 bounds [0x000001e387ad0000, 0x000001e387d40000, 0x000001e38f000000]
CodeHeap 'profiled nmethods': size=120000Kb used=7722Kb max_used=7722Kb free=112277Kb
 bounds [0x000001e380000000, 0x000001e380790000, 0x000001e387530000]
CodeHeap 'non-nmethods': size=5760Kb used=1820Kb max_used=1860Kb free=3940Kb
 bounds [0x000001e387530000, 0x000001e3877a0000, 0x000001e387ad0000]
 total_blobs=4678 nmethods=3851 adapters=731
 compilation: enabled
              stopped_count=0, restarted_count=0
 full_count=0

Compilation events (20 events):
Event: 2282.642 Thread 0x000001e3f7609550 nmethod 3845 0x000001e387cd5c10 code [0x000001e387cd5ea0, 0x000001e387cd6e40]
Event: 2283.629 Thread 0x000001e3f7609550 3846       4       java.util.Locale::getUnicodeLocaleType (55 bytes)
Event: 2283.633 Thread 0x000001e3f7609550 nmethod 3846 0x000001e387cd7790 code [0x000001e387cd7940, 0x000001e387cd7b90]
Event: 2295.710 Thread 0x000001e3f7609550 3847       4       javax.swing.JComponent::repaint (19 bytes)
Event: 2295.718 Thread 0x000001e3f7609550 nmethod 3847 0x000001e387cd7e10 code [0x000001e387cd8040, 0x000001e387cd8dd8]
Event: 2330.940 Thread 0x000001e3f7609550 3848       4       java.util.concurrent.locks.AbstractQueuedSynchronizer$ConditionObject::unlinkCancelledWaiters (91 bytes)
Event: 2330.943 Thread 0x000001e3f7609550 nmethod 3848 0x000001e387cd9410 code [0x000001e387cd95a0, 0x000001e387cd9888]
Event: 2438.667 Thread 0x000001e3f7609550 3849       4       java.awt.event.InvocationEvent::<init> (47 bytes)
Event: 2438.678 Thread 0x000001e3f7609550 nmethod 3849 0x000001e387cd9a10 code [0x000001e387cd9c40, 0x000001e387cdabf8]
Event: 2441.692 Thread 0x000001e3f7609550 3850       4       java.awt.event.InvocationEvent::<init> (13 bytes)
Event: 2441.692 Thread 0x000001e3f7609550 nmethod 3850 0x000001e387cdb210 code [0x000001e387cdb3a0, 0x000001e387cdb468]
Event: 2522.234 Thread 0x000001e3f7609550 3851       4       java.awt.Component::repaint (16 bytes)
Event: 2522.235 Thread 0x000001e3f7609550 nmethod 3851 0x000001e387cdb510 code [0x000001e387cdb6a0, 0x000001e387cdb758]
Event: 2613.917 Thread 0x000001e3f7609550 3852       4       java.text.DateFormatSymbols::getProviderInstance (37 bytes)
Event: 2613.930 Thread 0x000001e3f7609550 nmethod 3852 0x000001e387cdb810 code [0x000001e387cdba60, 0x000001e387cdc0f0]
Event: 2684.391 Thread 0x000001e3f7609550 3853   !   4       javax.swing.GroupLayout::invalidateLayout (28 bytes)
Event: 2684.392 Thread 0x000001e3f7609550 nmethod 3853 0x000001e387cdc890 code [0x000001e387cdca20, 0x000001e387cdcc50]
Event: 2690.433 Thread 0x000001e3f7609550 3854       4       java.text.DateFormatSymbols::initializeData (342 bytes)
Event: 2690.451 Thread 0x000001e3f7609550 nmethod 3854 0x000001e387cdcd90 code [0x000001e387cdd000, 0x000001e387cde250]
Event: 2696.478 Thread 0x000001e3f7609550 3855       4       javax.swing.GroupLayout::layoutContainer (165 bytes)

GC Heap History (6 events):
Event: 1.060 GC heap before
{Heap before GC invocations=0 (full 0):
 garbage-first heap   total reserved 1925120K, committed 120832K, used 23552K [0x000000008a800000, 0x0000000100000000)
  region size 1024K, 24 young (24576K), 0 survivors (0K)
 Metaspace       used 14796K, committed 15104K, reserved 1114112K
  class space    used 1650K, committed 1792K, reserved 1048576K
}
Event: 1.072 GC heap after
{Heap after GC invocations=1 (full 0):
 garbage-first heap   total reserved 1925120K, committed 120832K, used 6303K [0x000000008a800000, 0x0000000100000000)
  region size 1024K, 3 young (3072K), 3 survivors (3072K)
 Metaspace       used 14796K, committed 15104K, reserved 1114112K
  class space    used 1650K, committed 1792K, reserved 1048576K
}
Event: 4.221 GC heap before
{Heap before GC invocations=1 (full 0):
 garbage-first heap   total reserved 1925120K, committed 120832K, used 15519K [0x000000008a800000, 0x0000000100000000)
  region size 1024K, 13 young (13312K), 3 survivors (3072K)
 Metaspace       used 21258K, committed 21504K, reserved 1114112K
  class space    used 2501K, committed 2624K, reserved 1048576K
}
Event: 4.227 GC heap after
{Heap after GC invocations=2 (full 0):
 garbage-first heap   total reserved 1925120K, committed 120832K, used 8734K [0x000000008a800000, 0x0000000100000000)
  region size 1024K, 2 young (2048K), 2 survivors (2048K)
 Metaspace       used 21258K, committed 21504K, reserved 1114112K
  class space    used 2501K, committed 2624K, reserved 1048576K
}
Event: 1251.447 GC heap before
{Heap before GC invocations=3 (full 0):
 garbage-first heap   total reserved 1925120K, committed 30720K, used 25118K [0x000000008a800000, 0x0000000100000000)
  region size 1024K, 18 young (18432K), 2 survivors (2048K)
 Metaspace       used 23147K, committed 23424K, reserved 1114112K
  class space    used 2669K, committed 2816K, reserved 1048576K
}
Event: 1251.473 GC heap after
{Heap after GC invocations=4 (full 0):
 garbage-first heap   total reserved 1925120K, committed 30720K, used 9410K [0x000000008a800000, 0x0000000100000000)
  region size 1024K, 1 young (1024K), 1 survivors (1024K)
 Metaspace       used 23147K, committed 23424K, reserved 1114112K
  class space    used 2669K, committed 2816K, reserved 1048576K
}

Dll operation events (12 events):
Event: 0.014 Loaded shared library C:\Program Files\Java\jdk-22\bin\java.dll
Event: 0.060 Loaded shared library C:\Program Files\Java\jdk-22\bin\jsvml.dll
Event: 0.092 Loaded shared library C:\Program Files\Java\jdk-22\bin\net.dll
Event: 0.094 Loaded shared library C:\Program Files\Java\jdk-22\bin\nio.dll
Event: 0.127 Loaded shared library C:\Program Files\Java\jdk-22\bin\zip.dll
Event: 0.151 Loaded shared library C:\Program Files\Java\jdk-22\bin\jimage.dll
Event: 0.166 Loaded shared library C:\Program Files\Java\jdk-22\bin\awt.dll
Event: 0.297 Loaded shared library C:\Program Files\Java\jdk-22\bin\freetype.dll
Event: 0.298 Loaded shared library C:\Program Files\Java\jdk-22\bin\fontmanager.dll
Event: 0.787 Loaded shared library C:\Program Files\Java\jdk-22\bin\extnet.dll
Event: 1.058 Loaded shared library C:\Program Files\Java\jdk-22\bin\sunmscapi.dll
Event: 4.210 Loaded shared library C:\Program Files\Java\jdk-22\bin\verify.dll

Deoptimization events (20 events):
Event: 82.048 Thread 0x000001e3d453e5b0 DEOPT PACKING pc=0x000001e387c1ff84 sp=0x00000014a71fe230
Event: 82.048 Thread 0x000001e3d453e5b0 DEOPT UNPACKING pc=0x000001e3875846a2 sp=0x00000014a71fe230 mode 2
Event: 84.061 Thread 0x000001e3d453e5b0 Uncommon trap: trap_request=0xffffff6e fr.pc=0x000001e387c2a6f4 relative=0x0000000000004834
Event: 84.061 Thread 0x000001e3d453e5b0 Uncommon trap: reason=loop_limit_check action=maybe_recompile pc=0x000001e387c2a6f4 method=javax.swing.GroupLayout$ContainerAutoPreferredGapSpring.calculatePadding(I)V @ 225 c2
Event: 84.061 Thread 0x000001e3d453e5b0 DEOPT PACKING pc=0x000001e387c2a6f4 sp=0x00000014a71fe1b0
Event: 84.061 Thread 0x000001e3d453e5b0 DEOPT UNPACKING pc=0x000001e3875846a2 sp=0x00000014a71fe0a0 mode 2
Event: 85.070 Thread 0x000001e3d453e5b0 Uncommon trap: trap_request=0xffffff6e fr.pc=0x000001e387c33580 relative=0x00000000000042c0
Event: 85.070 Thread 0x000001e3d453e5b0 Uncommon trap: reason=loop_limit_check action=maybe_recompile pc=0x000001e387c33580 method=javax.swing.GroupLayout$AutoPreferredGapSpring.calculatePadding(I)V @ 69 c2
Event: 85.070 Thread 0x000001e3d453e5b0 DEOPT PACKING pc=0x000001e387c33580 sp=0x00000014a71fe1a0
Event: 85.070 Thread 0x000001e3d453e5b0 DEOPT UNPACKING pc=0x000001e3875846a2 sp=0x00000014a71fe100 mode 2
Event: 301.720 Thread 0x000001e3db000670 Uncommon trap: trap_request=0xffffffdc fr.pc=0x000001e387c538f0 relative=0x00000000000001b0
Event: 301.720 Thread 0x000001e3db000670 Uncommon trap: reason=class_check action=make_not_entrant pc=0x000001e387c538f0 method=java.util.ArrayList.toArray([Ljava/lang/Object;)[Ljava/lang/Object; @ 21 c2
Event: 301.720 Thread 0x000001e3db000670 DEOPT PACKING pc=0x000001e387c538f0 sp=0x00000014a89ff5a0
Event: 301.721 Thread 0x000001e3db000670 DEOPT UNPACKING pc=0x000001e3875846a2 sp=0x00000014a89ff560 mode 2
Event: 806.167 Thread 0x000001e3d453e5b0 DEOPT PACKING pc=0x000001e3806dee75 sp=0x00000014a71ff000
Event: 806.167 Thread 0x000001e3d453e5b0 DEOPT UNPACKING pc=0x000001e387584e42 sp=0x00000014a71fe490 mode 0
Event: 2211.139 Thread 0x000001e3d453e5b0 Uncommon trap: trap_request=0xffffff6e fr.pc=0x000001e387cd16c8 relative=0x0000000000000268
Event: 2211.139 Thread 0x000001e3d453e5b0 Uncommon trap: reason=loop_limit_check action=maybe_recompile pc=0x000001e387cd16c8 method=java.awt.EventDispatchThread.filterAndCheckEvent(Ljava/awt/AWTEvent;)Z @ 22 c2
Event: 2211.139 Thread 0x000001e3d453e5b0 DEOPT PACKING pc=0x000001e387cd16c8 sp=0x00000014a71ff450
Event: 2211.139 Thread 0x000001e3d453e5b0 DEOPT UNPACKING pc=0x000001e3875846a2 sp=0x00000014a71ff390 mode 2

Classes loaded (20 events):
Event: 6.154 Loading class java/awt/WaitDispatchSupport$1
Event: 6.154 Loading class java/awt/WaitDispatchSupport$1 done
Event: 6.154 Loading class java/awt/WaitDispatchSupport$2
Event: 6.154 Loading class java/awt/WaitDispatchSupport$2 done
Event: 6.154 Loading class java/awt/WaitDispatchSupport$4
Event: 6.154 Loading class java/awt/WaitDispatchSupport$4 done
Event: 6.164 Loading class javax/swing/plaf/nimbus/OptionPanePainter
Event: 6.164 Loading class javax/swing/plaf/nimbus/OptionPanePainter done
Event: 6.609 Loading class sun/awt/ModalExclude
Event: 6.609 Loading class sun/awt/ModalExclude done
Event: 7.309 Loading class java/awt/KeyboardFocusManager$2
Event: 7.309 Loading class java/awt/KeyboardFocusManager$2 done
Event: 7.309 Loading class sun/awt/SunToolkit$1
Event: 7.309 Loading class sun/awt/SunToolkit$1 done
Event: 7.320 Loading class java/awt/Window$1DisposeAction
Event: 7.321 Loading class java/awt/Window$1DisposeAction done
Event: 7.345 Loading class java/util/RegularEnumSet$EnumSetIterator
Event: 7.345 Loading class java/util/RegularEnumSet$EnumSetIterator done
Event: 1616.996 Loading class java/security/DomainCombiner
Event: 1616.998 Loading class java/security/DomainCombiner done

Classes unloaded (0 events):
No events

Classes redefined (0 events):
No events

Internal exceptions (20 events):
Event: 0.482 Thread 0x000001e3d453e5b0 Exception <a 'java/lang/NoSuchMethodError'{0x00000000917c96e8}: 'int java.lang.invoke.Invokers$Holder.invokeExact_MT(java.lang.Object, java.lang.Object)'> (0x00000000917c96e8) 
thrown [s\open\src\hotspot\share\interpreter\linkResolver.cpp, line 774]
Event: 0.565 Thread 0x000001e3d54c40c0 Exception <a 'java/lang/NoSuchMethodError'{0x00000000915a63a8}: 'java.lang.Object java.lang.invoke.DirectMethodHandle$Holder.newInvokeSpecial(java.lang.Object, java.lang.Object, java.lang.Object, int, int, int, int, int)'> (0x00000000915a63a8) 
thrown [s\open\src\hotspot\share\interpreter\linkResolver.cpp, line 774]
Event: 0.590 Thread 0x000001e3d453e5b0 Exception <a 'java/lang/NoSuchMethodError'{0x00000000917ee7d0}: 'java.lang.Object java.lang.invoke.DirectMethodHandle$Holder.newInvokeSpecial(java.lang.Object, java.lang.Object, int)'> (0x00000000917ee7d0) 
thrown [s\open\src\hotspot\share\interpreter\linkResolver.cpp, line 774]
Event: 0.590 Thread 0x000001e3d453e5b0 Exception <a 'java/lang/NoSuchMethodError'{0x00000000917f3660}: 'int java.lang.invoke.DirectMethodHandle$Holder.invokeSpecial(java.lang.Object, java.lang.Object, java.lang.Object, int)'> (0x00000000917f3660) 
thrown [s\open\src\hotspot\share\interpreter\linkResolver.cpp, line 774]
Event: 0.593 Thread 0x000001e3d453e5b0 Exception <a 'java/lang/NoSuchMethodError'{0x00000000914066a8}: 'java.lang.Object java.lang.invoke.DirectMethodHandle$Holder.invokeStatic(java.lang.Object, java.lang.Object, java.lang.Object, java.lang.Object, int)'> (0x00000000914066a8) 
thrown [s\open\src\hotspot\share\interpreter\linkResolver.cpp, line 774]
Event: 0.597 Thread 0x000001e3d453e5b0 Exception <a 'java/lang/NoSuchMethodError'{0x0000000091412058}: 'int java.lang.invoke.DirectMethodHandle$Holder.invokeSpecial(java.lang.Object, java.lang.Object, java.lang.Object)'> (0x0000000091412058) 
thrown [s\open\src\hotspot\share\interpreter\linkResolver.cpp, line 774]
Event: 0.640 Thread 0x000001e3d453e5b0 Exception <a 'java/lang/NoSuchMethodError'{0x000000009146df60}: 'void java.lang.invoke.DirectMethodHandle$Holder.invokeStatic(java.lang.Object, java.lang.Object)'> (0x000000009146df60) 
thrown [s\open\src\hotspot\share\interpreter\linkResolver.cpp, line 774]
Event: 0.668 Thread 0x000001e3d453e5b0 Exception <a 'java/lang/NoSuchMethodError'{0x00000000913a5540}: 'java.lang.Object java.lang.invoke.DirectMethodHandle$Holder.invokeInterface(java.lang.Object, java.lang.Object)'> (0x00000000913a5540) 
thrown [s\open\src\hotspot\share\interpreter\linkResolver.cpp, line 774]
Event: 0.687 Thread 0x000001e3d453e5b0 Exception <a 'java/lang/NoSuchMethodError'{0x0000000091216fe0}: 'void java.lang.invoke.DirectMethodHandle$Holder.invokeStatic(java.lang.Object, java.lang.Object, java.lang.Object)'> (0x0000000091216fe0) 
thrown [s\open\src\hotspot\share\interpreter\linkResolver.cpp, line 774]
Event: 0.688 Thread 0x000001e3d453e5b0 Exception <a 'java/lang/NoSuchMethodError'{0x000000009121ff58}: 'java.lang.Object java.lang.invoke.DirectMethodHandle$Holder.invokeVirtual(java.lang.Object, java.lang.Object, java.lang.Object)'> (0x000000009121ff58) 
thrown [s\open\src\hotspot\share\interpreter\linkResolver.cpp, line 774]
Event: 0.816 Thread 0x000001e3d453e5b0 Exception <a 'java/lang/NoSuchMethodError'{0x0000000090fefcf0}: 'void java.lang.invoke.DirectMethodHandle$Holder.invokeStaticInit(java.lang.Object, java.lang.Object)'> (0x0000000090fefcf0) 
thrown [s\open\src\hotspot\share\interpreter\linkResolver.cpp, line 774]
Event: 0.903 Thread 0x000001e3d453e5b0 Exception <a 'java/lang/NoSuchMethodError'{0x0000000090cf3208}: 'void java.lang.invoke.DirectMethodHandle$Holder.invokeVirtual(java.lang.Object, java.lang.Object)'> (0x0000000090cf3208) 
thrown [s\open\src\hotspot\share\interpreter\linkResolver.cpp, line 774]
Event: 0.983 Thread 0x000001e3d453e5b0 Exception <a 'sun/nio/fs/WindowsException'{0x0000000090760708}> (0x0000000090760708) 
thrown [s\open\src\hotspot\share\prims\jni.cpp, line 520]
Event: 1.015 Thread 0x000001e3d453e5b0 Exception <a 'java/lang/NoSuchMethodError'{0x0000000090606c20}: 'java.lang.Object java.lang.invoke.DirectMethodHandle$Holder.invokeStaticInit(java.lang.Object, int, int, int, int)'> (0x0000000090606c20) 
thrown [s\open\src\hotspot\share\interpreter\linkResolver.cpp, line 774]
Event: 1.037 Thread 0x000001e3d453e5b0 Exception <a 'java/lang/NoSuchMethodError'{0x00000000906d4fa0}: 'java.lang.Object java.lang.invoke.DirectMethodHandle$Holder.invokeStaticInit(java.lang.Object, java.lang.Object, int, int, int, int)'> (0x00000000906d4fa0) 
thrown [s\open\src\hotspot\share\interpreter\linkResolver.cpp, line 774]
Event: 1.248 Thread 0x000001e3d453e5b0 Exception <a 'java/io/IOException'{0x0000000091ae72f8}> (0x0000000091ae72f8) 
thrown [s\open\src\hotspot\share\prims\jni.cpp, line 520]
Event: 1.369 Thread 0x000001e3d453e5b0 Exception <a 'java/io/IOException'{0x000000009182fff0}> (0x000000009182fff0) 
thrown [s\open\src\hotspot\share\prims\jni.cpp, line 520]
Event: 1.401 Thread 0x000001e3d453e5b0 Exception <a 'java/lang/NoSuchMethodError'{0x00000000918a0328}: 'void java.lang.invoke.DirectMethodHandle$Holder.invokeStaticInit(java.lang.Object)'> (0x00000000918a0328) 
thrown [s\open\src\hotspot\share\interpreter\linkResolver.cpp, line 774]
Event: 6.153 Thread 0x000001e3d453e5b0 Exception <a 'java/lang/NoSuchMethodError'{0x000000008bfdccc8}: 'int java.lang.invoke.DirectMethodHandle$Holder.invokeStatic(java.lang.Object)'> (0x000000008bfdccc8) 
thrown [s\open\src\hotspot\share\interpreter\linkResolver.cpp, line 774]
Event: 7.350 Thread 0x000001e3d453e5b0 Exception <a 'java/io/IOException'{0x000000008beac070}> (0x000000008beac070) 
thrown [s\open\src\hotspot\share\prims\jni.cpp, line 520]

ZGC Phase Switch (0 events):
No events

VM Operations (20 events):
Event: 1415.636 Executing VM operation: Cleanup
Event: 1415.636 Executing VM operation: Cleanup done
Event: 1479.042 Executing VM operation: Cleanup
Event: 1479.042 Executing VM operation: Cleanup done
Event: 1914.146 Executing VM operation: Cleanup
Event: 1914.146 Executing VM operation: Cleanup done
Event: 1916.154 Executing VM operation: Cleanup
Event: 1916.154 Executing VM operation: Cleanup done
Event: 2130.587 Executing VM operation: Cleanup
Event: 2130.587 Executing VM operation: Cleanup done
Event: 2201.027 Executing VM operation: Cleanup
Event: 2201.027 Executing VM operation: Cleanup done
Event: 2225.360 Executing VM operation: HandshakeAllThreads (HandshakeForDeflation)
Event: 2225.360 Executing VM operation: HandshakeAllThreads (HandshakeForDeflation) done
Event: 2225.360 Executing VM operation: RendezvousGCThreads
Event: 2225.360 Executing VM operation: RendezvousGCThreads done
Event: 2283.735 Executing VM operation: Cleanup
Event: 2283.735 Executing VM operation: Cleanup done
Event: 2523.319 Executing VM operation: Cleanup
Event: 2523.319 Executing VM operation: Cleanup done

Events (20 events):
Event: 0.229 Thread 0x000001e3d4460060 Thread added: 0x000001e3d4460060
Event: 0.231 Thread 0x000001e3d4462310 Thread added: 0x000001e3d4462310
Event: 0.232 Thread 0x000001e3d4462c40 Thread added: 0x000001e3d4462c40
Event: 0.345 Thread 0x000001e3d453e5b0 Thread added: 0x000001e3d453e5b0
Event: 0.346 Thread 0x000001e3e7b2e5b0 Thread exited: 0x000001e3e7b2e5b0
Event: 0.346 Thread 0x000001e3e7b2e5b0 Thread added: 0x000001e3e7b2e5b0
Event: 0.455 Thread 0x000001e3d431a820 Thread exited: 0x000001e3d431a820
Event: 0.498 Thread 0x000001e3d54c40c0 Thread added: 0x000001e3d54c40c0
Event: 0.642 Thread 0x000001e3d5765d10 Thread added: 0x000001e3d5765d10
Event: 0.687 Thread 0x000001e3d57882b0 Thread added: 0x000001e3d57882b0
Event: 1.121 Thread 0x000001e3d57b47c0 Thread added: 0x000001e3d57b47c0
Event: 1.455 Thread 0x000001e3da4d2800 Thread added: 0x000001e3da4d2800
Event: 1.505 Thread 0x000001e3db000670 Thread added: 0x000001e3db000670
Event: 1.925 Thread 0x000001e3d57882b0 Thread exited: 0x000001e3d57882b0
Event: 1.925 Thread 0x000001e3d57b47c0 Thread exited: 0x000001e3d57b47c0
Event: 4.250 Thread 0x000001e3daa5cbe0 Thread added: 0x000001e3daa5cbe0
Event: 4.659 Thread 0x000001e3daa5cbe0 Thread exited: 0x000001e3daa5cbe0
Event: 7.379 Thread 0x000001e3dab9d390 Thread added: 0x000001e3dab9d390
Event: 7.512 Thread 0x000001e3dab9d390 Thread exited: 0x000001e3dab9d390
Event: 9.322 Thread 0x000001e3d54c40c0 Thread exited: 0x000001e3d54c40c0


Dynamic libraries:
0x00007ff664010000 - 0x00007ff664020000 	C:\Program Files\Java\jdk-22\bin\java.exe
0x00007ffd58910000 - 0x00007ffd58b26000 	C:\WINDOWS\SYSTEM32\ntdll.dll
0x00007ffd51310000 - 0x00007ffd51329000 	C:\Program Files\Avast Software\Avast\aswhook.dll
0x00007ffd57ba0000 - 0x00007ffd57c64000 	C:\WINDOWS\System32\KERNEL32.DLL
0x00007ffd55df0000 - 0x00007ffd56197000 	C:\WINDOWS\System32\KERNELBASE.dll
0x00007ffd56220000 - 0x00007ffd56331000 	C:\WINDOWS\System32\ucrtbase.dll
0x00007ffd40160000 - 0x00007ffd40177000 	C:\Program Files\Java\jdk-22\bin\jli.dll
0x00007ffd4b820000 - 0x00007ffd4b83b000 	C:\Program Files\Java\jdk-22\bin\VCRUNTIME140.dll
0x00007ffd57d20000 - 0x00007ffd57dd2000 	C:\WINDOWS\System32\ADVAPI32.dll
0x00007ffd56850000 - 0x00007ffd568f7000 	C:\WINDOWS\System32\msvcrt.dll
0x00007ffd58820000 - 0x00007ffd588c8000 	C:\WINDOWS\System32\sechost.dll
0x00007ffd565a0000 - 0x00007ffd565c8000 	C:\WINDOWS\System32\bcrypt.dll
0x00007ffd58030000 - 0x00007ffd58145000 	C:\WINDOWS\System32\RPCRT4.dll
0x00007ffd56900000 - 0x00007ffd56aae000 	C:\WINDOWS\System32\USER32.dll
0x00007ffd56570000 - 0x00007ffd56596000 	C:\WINDOWS\System32\win32u.dll
0x00007ffd57cf0000 - 0x00007ffd57d19000 	C:\WINDOWS\System32\GDI32.dll
0x00007ffd55c30000 - 0x00007ffd55d49000 	C:\WINDOWS\System32\gdi32full.dll
0x00007ffd55d50000 - 0x00007ffd55dea000 	C:\WINDOWS\System32\msvcp_win.dll
0x00007ffd428a0000 - 0x00007ffd42b33000 	C:\WINDOWS\WinSxS\amd64_microsoft.windows.common-controls_6595b64144ccf1df_6.0.22621.3235_none_270f74e173860f98\COMCTL32.dll
0x00007ffd4f3a0000 - 0x00007ffd4f3aa000 	C:\WINDOWS\SYSTEM32\VERSION.dll
0x00007ffd56810000 - 0x00007ffd56841000 	C:\WINDOWS\System32\IMM32.DLL
0x00007ffd4bc50000 - 0x00007ffd4bc5c000 	C:\Program Files\Java\jdk-22\bin\vcruntime140_1.dll
0x00007ffd26370000 - 0x00007ffd263fe000 	C:\Program Files\Java\jdk-22\bin\msvcp140.dll
0x00007ffcdd840000 - 0x00007ffcde587000 	C:\Program Files\Java\jdk-22\bin\server\jvm.dll
0x00007ffd57df0000 - 0x00007ffd57e61000 	C:\WINDOWS\System32\WS2_32.dll
0x00007ffd55b00000 - 0x00007ffd55b4d000 	C:\WINDOWS\SYSTEM32\POWRPROF.dll
0x00007ffd4e8f0000 - 0x00007ffd4e924000 	C:\WINDOWS\SYSTEM32\WINMM.dll
0x00007ffd55ae0000 - 0x00007ffd55af3000 	C:\WINDOWS\SYSTEM32\UMPDC.dll
0x00007ffd54c70000 - 0x00007ffd54c88000 	C:\WINDOWS\SYSTEM32\kernel.appcore.dll
0x00007ffd4b8b0000 - 0x00007ffd4b8ba000 	C:\Program Files\Java\jdk-22\bin\jimage.dll
0x00007ffd50c00000 - 0x00007ffd50e33000 	C:\WINDOWS\SYSTEM32\DBGHELP.DLL
0x00007ffd58250000 - 0x00007ffd585d8000 	C:\WINDOWS\System32\combase.dll
0x00007ffd57a10000 - 0x00007ffd57ae7000 	C:\WINDOWS\System32\OLEAUT32.dll
0x00007ffd50b70000 - 0x00007ffd50ba2000 	C:\WINDOWS\SYSTEM32\dbgcore.DLL
0x00007ffd561a0000 - 0x00007ffd56219000 	C:\WINDOWS\System32\bcryptPrimitives.dll
0x00007ffd4b800000 - 0x00007ffd4b81e000 	C:\Program Files\Java\jdk-22\bin\java.dll
0x00007ffd56ab0000 - 0x00007ffd5730c000 	C:\WINDOWS\System32\SHELL32.dll
0x00007ffd56660000 - 0x00007ffd56805000 	C:\WINDOWS\System32\ole32.dll
0x00007ffd53b90000 - 0x00007ffd54489000 	C:\WINDOWS\SYSTEM32\windows.storage.dll
0x00007ffd53a50000 - 0x00007ffd53b8e000 	C:\WINDOWS\SYSTEM32\wintypes.dll
0x00007ffd58150000 - 0x00007ffd58243000 	C:\WINDOWS\System32\SHCORE.dll
0x00007ffd57900000 - 0x00007ffd5795e000 	C:\WINDOWS\System32\shlwapi.dll
0x00007ffd55b60000 - 0x00007ffd55b81000 	C:\WINDOWS\SYSTEM32\profapi.dll
0x00007ffd135e0000 - 0x00007ffd136b7000 	C:\Program Files\Java\jdk-22\bin\jsvml.dll
0x00007ffd47b60000 - 0x00007ffd47b70000 	C:\Program Files\Java\jdk-22\bin\net.dll
0x00007ffd550e0000 - 0x00007ffd55149000 	C:\WINDOWS\system32\mswsock.dll
0x00007ffd47960000 - 0x00007ffd47976000 	C:\Program Files\Java\jdk-22\bin\nio.dll
0x00007ffd44300000 - 0x00007ffd44317000 	C:\Program Files\Java\jdk-22\bin\zip.dll
0x00007ffd12e20000 - 0x00007ffd12fae000 	C:\Program Files\Java\jdk-22\bin\awt.dll
0x00007ffd52ff0000 - 0x00007ffd53087000 	C:\WINDOWS\SYSTEM32\apphelp.dll
0x00007ffd531b0000 - 0x00007ffd5325b000 	C:\WINDOWS\system32\uxtheme.dll
0x00007ffd58650000 - 0x00007ffd587a3000 	C:\WINDOWS\System32\MSCTF.dll
0x00007ffd53400000 - 0x00007ffd5342b000 	C:\WINDOWS\system32\DWMAPI.DLL
0x00007ffd1c410000 - 0x00007ffd1c497000 	C:\Program Files\Java\jdk-22\bin\freetype.dll
0x00007ffd13150000 - 0x00007ffd13227000 	C:\Program Files\Java\jdk-22\bin\fontmanager.dll
0x00007ffceb2e0000 - 0x00007ffceb3e0000 	C:\WINDOWS\system32\opengl32.dll
0x00007ffcead30000 - 0x00007ffcead5d000 	C:\WINDOWS\SYSTEM32\GLU32.dll
0x00007ffd532b0000 - 0x00007ffd532e9000 	C:\WINDOWS\SYSTEM32\dxcore.dll
0x00007ffd48cd0000 - 0x00007ffd48e79000 	C:\WINDOWS\system32\d3d9.dll
0x00007ffd4ea00000 - 0x00007ffd4ebdb000 	C:\WINDOWS\System32\DriverStore\FileRepository\u0371182.inf_amd64_e046f8d87ec91fad\B371034\aticfx64.dll
0x00007ffcea4f0000 - 0x00007ffcea523000 	C:\WINDOWS\System32\DriverStore\FileRepository\u0371182.inf_amd64_e046f8d87ec91fad\B371034\atiu9p64.dll
0x00007ffce9000000 - 0x00007ffce9d0c000 	C:\WINDOWS\System32\DriverStore\FileRepository\u0371182.inf_amd64_e046f8d87ec91fad\B371034\atiumd64.dll
0x000000006a060000 - 0x000000006af1e000 	C:\WINDOWS\System32\DriverStore\FileRepository\u0371182.inf_amd64_e046f8d87ec91fad\B371034\atiumd6a.dll
0x00007ffd4c7b0000 - 0x00007ffd4c7df000 	C:\WINDOWS\SYSTEM32\amdihk64.dll
0x00007ffd50bb0000 - 0x00007ffd50bfa000 	C:\WINDOWS\SYSTEM32\directxdatabasehelper.dll
0x00007ffd54760000 - 0x00007ffd54859000 	C:\WINDOWS\SYSTEM32\DNSAPI.dll
0x00007ffd546f0000 - 0x00007ffd5471d000 	C:\WINDOWS\SYSTEM32\IPHLPAPI.DLL
0x00007ffd57de0000 - 0x00007ffd57de9000 	C:\WINDOWS\System32\NSI.dll
0x00007ffd3fed0000 - 0x00007ffd3feda000 	C:\Windows\System32\rasadhlp.dll
0x00007ffd4af90000 - 0x00007ffd4b013000 	C:\WINDOWS\System32\fwpuclnt.dll
0x00007ffd47990000 - 0x00007ffd47999000 	C:\Program Files\Java\jdk-22\bin\extnet.dll
0x00007ffd55350000 - 0x00007ffd5536b000 	C:\WINDOWS\SYSTEM32\CRYPTSP.dll
0x00007ffd54bd0000 - 0x00007ffd54c05000 	C:\WINDOWS\system32\rsaenh.dll
0x00007ffd551e0000 - 0x00007ffd55208000 	C:\WINDOWS\SYSTEM32\USERENV.dll
0x00007ffd55340000 - 0x00007ffd5534c000 	C:\WINDOWS\SYSTEM32\CRYPTBASE.dll
0x00007ffd4b8d0000 - 0x00007ffd4b8de000 	C:\Program Files\Java\jdk-22\bin\sunmscapi.dll
0x00007ffd56340000 - 0x00007ffd564a7000 	C:\WINDOWS\System32\CRYPT32.dll
0x00007ffd554e0000 - 0x00007ffd5550e000 	C:\WINDOWS\SYSTEM32\ncrypt.dll
0x00007ffd554a0000 - 0x00007ffd554d7000 	C:\WINDOWS\SYSTEM32\NTASN1.dll
0x00007ffd48a70000 - 0x00007ffd48bba000 	C:\WINDOWS\SYSTEM32\textinputframework.dll
0x00007ffd52d00000 - 0x00007ffd52e34000 	C:\WINDOWS\SYSTEM32\CoreMessaging.dll
0x00007ffd50550000 - 0x00007ffd508bc000 	C:\WINDOWS\SYSTEM32\CoreUIComponents.dll
0x00007ffd57960000 - 0x00007ffd57a10000 	C:\WINDOWS\System32\clbcatq.dll
0x00007ffd518b0000 - 0x00007ffd51a60000 	C:\WINDOWS\SYSTEM32\WindowsCodecs.dll
0x00007ffd3b2e0000 - 0x00007ffd3b33e000 	C:\WINDOWS\system32\dataexchange.dll
0x00007ffd4c520000 - 0x00007ffd4c7ae000 	C:\WINDOWS\system32\twinapi.appcore.dll
0x00007ffd47b50000 - 0x00007ffd47b60000 	C:\Program Files\Java\jdk-22\bin\verify.dll

dbghelp: loaded successfully - version: 4.0.5 - missing functions: none
symbol engine: initialized successfully - sym options: 0x614 - pdb path: .;C:\Program Files\Java\jdk-22\bin;C:\WINDOWS\SYSTEM32;C:\Program Files\Avast Software\Avast;C:\WINDOWS\WinSxS\amd64_microsoft.windows.common-controls_6595b64144ccf1df_6.0.22621.3235_none_270f74e173860f98;C:\Program Files\Java\jdk-22\bin\server;C:\WINDOWS\System32\DriverStore\FileRepository\u0371182.inf_amd64_e046f8d87ec91fad\B371034

VM Arguments:
jvm_args: -Dfile.encoding=UTF-8 --module-path=D:\netbeans\DACS\DACS\build\classes 
java_command: VIEW.Main
java_class_path (initial): C:\Users\KIM THOA\Downloads\jcalendar-1.4.jar;C:\Users\KIM THOA\Downloads\jfreechart-1.5.0.jar;C:\Users\KIM THOA\Downloads\mysql-connector-java-8.0.20.jar;D:\netbeans\DACS\DACS\build\classes
Launcher Type: SUN_STANDARD

[Global flags]
     intx CICompilerCount                          = 4                                         {product} {ergonomic}
     uint ConcGCThreads                            = 3                                         {product} {ergonomic}
     uint G1ConcRefinementThreads                  = 10                                        {product} {ergonomic}
   size_t G1HeapRegionSize                         = 1048576                                   {product} {ergonomic}
   size_t InitialHeapSize                          = 123731968                                 {product} {ergonomic}
   size_t MarkStackSize                            = 4194304                                   {product} {ergonomic}
   size_t MaxHeapSize                              = 1971322880                                {product} {ergonomic}
   size_t MaxNewSize                               = 1182793728                                {product} {ergonomic}
   size_t MinHeapDeltaBytes                        = 1048576                                   {product} {ergonomic}
   size_t MinHeapSize                              = 8388608                                   {product} {ergonomic}
    uintx NonNMethodCodeHeapSize                   = 5839372                                {pd product} {ergonomic}
    uintx NonProfiledCodeHeapSize                  = 122909434                              {pd product} {ergonomic}
    uintx ProfiledCodeHeapSize                     = 122909434                              {pd product} {ergonomic}
    uintx ReservedCodeCacheSize                    = 251658240                              {pd product} {ergonomic}
     bool SegmentedCodeCache                       = true                                      {product} {ergonomic}
   size_t SoftMaxHeapSize                          = 1971322880                             {manageable} {ergonomic}
     bool UseCompressedOops                        = true                           {product lp64_product} {ergonomic}
     bool UseG1GC                                  = true                                      {product} {ergonomic}
     bool UseLargePagesIndividualAllocation        = false                                  {pd product} {ergonomic}

Logging:
Log output configuration:
 #0: stdout all=warning uptime,level,tags foldmultilines=false
 #1: stderr all=off uptime,level,tags foldmultilines=false

Environment Variables:
PATH=C:\Program Files (x86)\Common Files\Oracle\Java\javapath;C:\Program Files\Common Files\Oracle\Java\javapath;C:\Windows\system32;C:\Windows;C:\Windows\System32\Wbem;C:\Windows\System32\WindowsPowerShell\v1.0\;C:\Windows\System32\OpenSSH\;C:\Program Files (x86)\NVIDIA Corporation\PhysX\Common;C:\Program Files\NVIDIA Corporation\NVIDIA NvDLISR;C:\WINDOWS\system32;C:\WINDOWS;C:\WINDOWS\System32\Wbem;C:\WINDOWS\System32\WindowsPowerShell\v1.0\;C:\WINDOWS\System32\OpenSSH\;C:\Program Files (x86)\Microsoft SQL Server\160\Tools\Binn\;C:\Program Files\Microsoft SQL Server\160\Tools\Binn\;C:\Program Files\Microsoft SQL Server\Client SDK\ODBC\170\Tools\Binn\;C:\Program Files\Microsoft SQL Server\160\DTS\Binn\;C:\Program Files (x86)\Microsoft SQL Server\160\DTS\Binn\;C:\Program Files\Azure Data Studio\bin;D:\Github\Git\cmd;C:\Users\KIM THOA\AppData\Local\Microsoft\WindowsApps;;C:\Users\KIM THOA\AppData\Local\Programs\Microsoft VS Code\bin;C:\Program Files\Azure Data Studio\bin
USERNAME=KIM THOA
OS=Windows_NT
PROCESSOR_IDENTIFIER=AMD64 Family 23 Model 104 Stepping 1, AuthenticAMD
TMP=C:\Users\KIMTHO~1\AppData\Local\Temp
TEMP=C:\Users\KIMTHO~1\AppData\Local\Temp




Periodic native trim disabled

---------------  S Y S T E M  ---------------

OS:
 Windows 11 , 64 bit Build 22621 (10.0.22621.3374)
OS uptime: 6 days 4:44 hours

CPU: total 12 (initial active 12) (12 cores per cpu, 2 threads per core) family 23 model 104 stepping 1 microcode 0x0, cx8, cmov, fxsr, ht, mmx, 3dnowpref, sse, sse2, sse3, ssse3, sse4a, sse4.1, sse4.2, popcnt, lzcnt, tsc, tscinvbit, avx, avx2, aes, clmul, bmi1, bmi2, adx, sha, fma, vzeroupper, clflush, clflushopt, rdtscp, rdpid, f16c
Processor Information for processor 0
  Max Mhz: 2100, Current Mhz: 2100, Mhz Limit: 2100
Processor Information for processor 1
  Max Mhz: 2100, Current Mhz: 1988, Mhz Limit: 2100
Processor Information for processor 2
  Max Mhz: 2100, Current Mhz: 1988, Mhz Limit: 2100
Processor Information for processor 3
  Max Mhz: 2100, Current Mhz: 2100, Mhz Limit: 2100
Processor Information for processor 4
  Max Mhz: 2100, Current Mhz: 2100, Mhz Limit: 2100
Processor Information for processor 5
  Max Mhz: 2100, Current Mhz: 1988, Mhz Limit: 2100
Processor Information for processor 6
  Max Mhz: 2100, Current Mhz: 2100, Mhz Limit: 2100
Processor Information for processor 7
  Max Mhz: 2100, Current Mhz: 1988, Mhz Limit: 2100
Processor Information for processor 8
  Max Mhz: 2100, Current Mhz: 2100, Mhz Limit: 2100
Processor Information for processor 9
  Max Mhz: 2100, Current Mhz: 1988, Mhz Limit: 2100
Processor Information for processor 10
  Max Mhz: 2100, Current Mhz: 1988, Mhz Limit: 2100
Processor Information for processor 11
  Max Mhz: 2100, Current Mhz: 1988, Mhz Limit: 2100

Memory: 4k page, system-wide physical 7514M (572M free)
TotalPageFile size 20314M (AvailPageFile size 0M)
current process WorkingSet (physical memory assigned to process): 39M, peak: 163M
current process commit charge ("private bytes"): 228M, peak: 308M

vm_info: Java HotSpot(TM) 64-Bit Server VM (22.0.1+8-16) for windows-amd64 JRE (22.0.1+8-16), built on 2024-03-12T10:33:16Z by "mach5one" with MS VC++ 17.6 (VS2022)

END.
